<?xml version="1.0" encoding="UTF-8"?>
<testsuite xmlns:xsi="http://www.w3.org/2001/XMLSchema-instance" xsi:noNamespaceSchemaLocation="https://maven.apache.org/surefire/maven-surefire-plugin/xsd/surefire-test-report-3.0.xsd" version="3.0" name="com.farao_community.farao.gridcapa.export.GridcapaExportServiceTest" time="2.275" tests="2" errors="0" skipped="0" failures="0">
  <properties>
    <property name="awt.toolkit" value="sun.awt.X11.XToolkit"/>
    <property name="java.specification.version" value="11"/>
    <property name="sun.cpu.isalist" value=""/>
    <property name="sun.jnu.encoding" value="UTF-8"/>
    <property name="java.class.path" value="/home/runner/work/gridcapa-export/gridcapa-export/target/test-classes:/home/runner/work/gridcapa-export/gridcapa-export/target/classes:/home/runner/.m2/repository/com/farao-community/farao/gridcapa-task-manager-api/1.0.0/gridcapa-task-manager-api-1.0.0.jar:/home/runner/.m2/repository/com/fasterxml/jackson/core/jackson-annotations/2.13.1/jackson-annotations-2.13.1.jar:/home/runner/.m2/repository/commons-net/commons-net/3.8.0/commons-net-3.8.0.jar:/home/runner/.m2/repository/org/springframework/boot/spring-boot-starter-web/2.6.2/spring-boot-starter-web-2.6.2.jar:/home/runner/.m2/repository/org/springframework/boot/spring-boot-starter/2.6.2/spring-boot-starter-2.6.2.jar:/home/runner/.m2/repository/org/springframework/boot/spring-boot/2.6.2/spring-boot-2.6.2.jar:/home/runner/.m2/repository/org/springframework/boot/spring-boot-autoconfigure/2.6.2/spring-boot-autoconfigure-2.6.2.jar:/home/runner/.m2/repository/org/springframework/boot/spring-boot-starter-logging/2.6.2/spring-boot-starter-logging-2.6.2.jar:/home/runner/.m2/repository/ch/qos/logback/logback-classic/1.2.9/logback-classic-1.2.9.jar:/home/runner/.m2/repository/ch/qos/logback/logback-core/1.2.9/logback-core-1.2.9.jar:/home/runner/.m2/repository/org/apache/logging/log4j/log4j-to-slf4j/2.17.0/log4j-to-slf4j-2.17.0.jar:/home/runner/.m2/repository/org/apache/logging/log4j/log4j-api/2.17.0/log4j-api-2.17.0.jar:/home/runner/.m2/repository/org/slf4j/jul-to-slf4j/1.7.32/jul-to-slf4j-1.7.32.jar:/home/runner/.m2/repository/jakarta/annotation/jakarta.annotation-api/1.3.5/jakarta.annotation-api-1.3.5.jar:/home/runner/.m2/repository/org/yaml/snakeyaml/1.29/snakeyaml-1.29.jar:/home/runner/.m2/repository/org/springframework/boot/spring-boot-starter-json/2.6.2/spring-boot-starter-json-2.6.2.jar:/home/runner/.m2/repository/com/fasterxml/jackson/core/jackson-databind/2.13.1/jackson-databind-2.13.1.jar:/home/runner/.m2/repository/com/fasterxml/jackson/core/jackson-core/2.13.1/jackson-core-2.13.1.jar:/home/runner/.m2/repository/com/fasterxml/jackson/datatype/jackson-datatype-jdk8/2.13.1/jackson-datatype-jdk8-2.13.1.jar:/home/runner/.m2/repository/com/fasterxml/jackson/datatype/jackson-datatype-jsr310/2.13.1/jackson-datatype-jsr310-2.13.1.jar:/home/runner/.m2/repository/com/fasterxml/jackson/module/jackson-module-parameter-names/2.13.1/jackson-module-parameter-names-2.13.1.jar:/home/runner/.m2/repository/org/springframework/boot/spring-boot-starter-tomcat/2.6.2/spring-boot-starter-tomcat-2.6.2.jar:/home/runner/.m2/repository/org/apache/tomcat/embed/tomcat-embed-core/9.0.56/tomcat-embed-core-9.0.56.jar:/home/runner/.m2/repository/org/apache/tomcat/embed/tomcat-embed-el/9.0.56/tomcat-embed-el-9.0.56.jar:/home/runner/.m2/repository/org/apache/tomcat/embed/tomcat-embed-websocket/9.0.56/tomcat-embed-websocket-9.0.56.jar:/home/runner/.m2/repository/org/springframework/spring-web/5.3.14/spring-web-5.3.14.jar:/home/runner/.m2/repository/org/springframework/spring-beans/5.3.14/spring-beans-5.3.14.jar:/home/runner/.m2/repository/org/springframework/spring-webmvc/5.3.14/spring-webmvc-5.3.14.jar:/home/runner/.m2/repository/org/springframework/spring-aop/5.3.14/spring-aop-5.3.14.jar:/home/runner/.m2/repository/org/springframework/spring-context/5.3.14/spring-context-5.3.14.jar:/home/runner/.m2/repository/org/springframework/spring-expression/5.3.14/spring-expression-5.3.14.jar:/home/runner/.m2/repository/org/springframework/boot/spring-boot-starter-actuator/2.6.2/spring-boot-starter-actuator-2.6.2.jar:/home/runner/.m2/repository/org/springframework/boot/spring-boot-actuator-autoconfigure/2.6.2/spring-boot-actuator-autoconfigure-2.6.2.jar:/home/runner/.m2/repository/org/springframework/boot/spring-boot-actuator/2.6.2/spring-boot-actuator-2.6.2.jar:/home/runner/.m2/repository/io/micrometer/micrometer-core/1.8.1/micrometer-core-1.8.1.jar:/home/runner/.m2/repository/org/hdrhistogram/HdrHistogram/2.1.12/HdrHistogram-2.1.12.jar:/home/runner/.m2/repository/org/latencyutils/LatencyUtils/2.0.3/LatencyUtils-2.0.3.jar:/home/runner/.m2/repository/org/springframework/cloud/spring-cloud-stream-binder-rabbit/3.2.1/spring-cloud-stream-binder-rabbit-3.2.1.jar:/home/runner/.m2/repository/org/springframework/cloud/spring-cloud-function-deployer/3.2.1/spring-cloud-function-deployer-3.2.1.jar:/home/runner/.m2/repository/org/springframework/boot/spring-boot-loader/2.6.2/spring-boot-loader-2.6.2.jar:/home/runner/.m2/repository/org/springframework/cloud/spring-cloud-function-context/3.2.1/spring-cloud-function-context-3.2.1.jar:/home/runner/.m2/repository/net/jodah/typetools/0.6.2/typetools-0.6.2.jar:/home/runner/.m2/repository/org/springframework/cloud/spring-cloud-function-core/3.2.1/spring-cloud-function-core-3.2.1.jar:/home/runner/.m2/repository/org/springframework/cloud/spring-cloud-deployer-resource-maven/2.5.1/spring-cloud-deployer-resource-maven-2.5.1.jar:/home/runner/.m2/repository/org/apache/maven/maven-model-builder/3.6.2/maven-model-builder-3.6.2.jar:/home/runner/.m2/repository/org/codehaus/plexus/plexus-utils/3.2.1/plexus-utils-3.2.1.jar:/home/runner/.m2/repository/org/codehaus/plexus/plexus-interpolation/1.25/plexus-interpolation-1.25.jar:/home/runner/.m2/repository/javax/inject/javax.inject/1/javax.inject-1.jar:/home/runner/.m2/repository/org/apache/maven/maven-model/3.6.2/maven-model-3.6.2.jar:/home/runner/.m2/repository/org/apache/maven/maven-artifact/3.6.2/maven-artifact-3.6.2.jar:/home/runner/.m2/repository/org/apache/commons/commons-lang3/3.12.0/commons-lang3-3.12.0.jar:/home/runner/.m2/repository/org/apache/maven/maven-builder-support/3.6.2/maven-builder-support-3.6.2.jar:/home/runner/.m2/repository/org/eclipse/sisu/org.eclipse.sisu.inject/0.3.3/org.eclipse.sisu.inject-0.3.3.jar:/home/runner/.m2/repository/org/apache/maven/maven-resolver-provider/3.6.2/maven-resolver-provider-3.6.2.jar:/home/runner/.m2/repository/org/apache/maven/maven-repository-metadata/3.6.2/maven-repository-metadata-3.6.2.jar:/home/runner/.m2/repository/org/apache/maven/resolver/maven-resolver-api/1.4.1/maven-resolver-api-1.4.1.jar:/home/runner/.m2/repository/org/apache/maven/resolver/maven-resolver-spi/1.4.1/maven-resolver-spi-1.4.1.jar:/home/runner/.m2/repository/org/apache/maven/resolver/maven-resolver-util/1.4.1/maven-resolver-util-1.4.1.jar:/home/runner/.m2/repository/org/apache/maven/resolver/maven-resolver-connector-basic/1.4.1/maven-resolver-connector-basic-1.4.1.jar:/home/runner/.m2/repository/org/apache/maven/resolver/maven-resolver-transport-file/1.4.1/maven-resolver-transport-file-1.4.1.jar:/home/runner/.m2/repository/org/apache/maven/resolver/maven-resolver-transport-http/1.4.1/maven-resolver-transport-http-1.4.1.jar:/home/runner/.m2/repository/org/slf4j/jcl-over-slf4j/1.7.32/jcl-over-slf4j-1.7.32.jar:/home/runner/.m2/repository/org/apache/maven/resolver/maven-resolver-transport-wagon/1.4.1/maven-resolver-transport-wagon-1.4.1.jar:/home/runner/.m2/repository/org/apache/maven/wagon/wagon-provider-api/3.0.0/wagon-provider-api-3.0.0.jar:/home/runner/.m2/repository/org/apache/maven/resolver/maven-resolver-impl/1.4.1/maven-resolver-impl-1.4.1.jar:/home/runner/.m2/repository/org/apache/maven/wagon/wagon-http/3.3.4/wagon-http-3.3.4.jar:/home/runner/.m2/repository/org/apache/maven/wagon/wagon-http-shared/3.3.4/wagon-http-shared-3.3.4.jar:/home/runner/.m2/repository/org/jsoup/jsoup/1.12.1/jsoup-1.12.1.jar:/home/runner/.m2/repository/commons-io/commons-io/2.6/commons-io-2.6.jar:/home/runner/.m2/repository/javax/annotation/javax.annotation-api/1.3.2/javax.annotation-api-1.3.2.jar:/home/runner/.m2/repository/org/springframework/cloud/spring-cloud-stream-binder-rabbit-core/3.2.1/spring-cloud-stream-binder-rabbit-core-3.2.1.jar:/home/runner/.m2/repository/org/springframework/integration/spring-integration-amqp/5.5.7/spring-integration-amqp-5.5.7.jar:/home/runner/.m2/repository/com/rabbitmq/http-client/2.1.0.RELEASE/http-client-2.1.0.RELEASE.jar:/home/runner/.m2/repository/org/springframework/cloud/spring-cloud-stream/3.2.1/spring-cloud-stream-3.2.1.jar:/home/runner/.m2/repository/org/springframework/boot/spring-boot-starter-validation/2.6.2/spring-boot-starter-validation-2.6.2.jar:/home/runner/.m2/repository/org/hibernate/validator/hibernate-validator/6.2.0.Final/hibernate-validator-6.2.0.Final.jar:/home/runner/.m2/repository/jakarta/validation/jakarta.validation-api/2.0.2/jakarta.validation-api-2.0.2.jar:/home/runner/.m2/repository/org/jboss/logging/jboss-logging/3.4.2.Final/jboss-logging-3.4.2.Final.jar:/home/runner/.m2/repository/com/fasterxml/classmate/1.5.1/classmate-1.5.1.jar:/home/runner/.m2/repository/org/springframework/spring-messaging/5.3.14/spring-messaging-5.3.14.jar:/home/runner/.m2/repository/org/springframework/integration/spring-integration-core/5.5.7/spring-integration-core-5.5.7.jar:/home/runner/.m2/repository/org/springframework/spring-tx/5.3.14/spring-tx-5.3.14.jar:/home/runner/.m2/repository/io/projectreactor/reactor-core/3.4.13/reactor-core-3.4.13.jar:/home/runner/.m2/repository/org/reactivestreams/reactive-streams/1.0.3/reactive-streams-1.0.3.jar:/home/runner/.m2/repository/org/springframework/retry/spring-retry/1.3.1/spring-retry-1.3.1.jar:/home/runner/.m2/repository/org/springframework/boot/spring-boot-starter-amqp/2.6.2/spring-boot-starter-amqp-2.6.2.jar:/home/runner/.m2/repository/org/springframework/amqp/spring-rabbit/2.4.1/spring-rabbit-2.4.1.jar:/home/runner/.m2/repository/org/springframework/amqp/spring-amqp/2.4.1/spring-amqp-2.4.1.jar:/home/runner/.m2/repository/com/rabbitmq/amqp-client/5.13.1/amqp-client-5.13.1.jar:/home/runner/.m2/repository/org/springframework/integration/spring-integration-jmx/5.5.7/spring-integration-jmx-5.5.7.jar:/home/runner/.m2/repository/org/apache/httpcomponents/httpclient/4.5.13/httpclient-4.5.13.jar:/home/runner/.m2/repository/org/apache/httpcomponents/httpcore/4.4.15/httpcore-4.4.15.jar:/home/runner/.m2/repository/commons-codec/commons-codec/1.15/commons-codec-1.15.jar:/home/runner/.m2/repository/org/mockftpserver/MockFtpServer/2.7.1/MockFtpServer-2.7.1.jar:/home/runner/.m2/repository/org/slf4j/slf4j-api/1.7.32/slf4j-api-1.7.32.jar:/home/runner/.m2/repository/org/springframework/boot/spring-boot-starter-test/2.6.2/spring-boot-starter-test-2.6.2.jar:/home/runner/.m2/repository/org/springframework/boot/spring-boot-test/2.6.2/spring-boot-test-2.6.2.jar:/home/runner/.m2/repository/org/springframework/boot/spring-boot-test-autoconfigure/2.6.2/spring-boot-test-autoconfigure-2.6.2.jar:/home/runner/.m2/repository/com/jayway/jsonpath/json-path/2.6.0/json-path-2.6.0.jar:/home/runner/.m2/repository/net/minidev/json-smart/2.4.7/json-smart-2.4.7.jar:/home/runner/.m2/repository/net/minidev/accessors-smart/2.4.7/accessors-smart-2.4.7.jar:/home/runner/.m2/repository/org/ow2/asm/asm/9.1/asm-9.1.jar:/home/runner/.m2/repository/jakarta/xml/bind/jakarta.xml.bind-api/2.3.3/jakarta.xml.bind-api-2.3.3.jar:/home/runner/.m2/repository/jakarta/activation/jakarta.activation-api/1.2.2/jakarta.activation-api-1.2.2.jar:/home/runner/.m2/repository/org/assertj/assertj-core/3.21.0/assertj-core-3.21.0.jar:/home/runner/.m2/repository/org/hamcrest/hamcrest/2.2/hamcrest-2.2.jar:/home/runner/.m2/repository/org/junit/jupiter/junit-jupiter/5.8.2/junit-jupiter-5.8.2.jar:/home/runner/.m2/repository/org/junit/jupiter/junit-jupiter-api/5.8.2/junit-jupiter-api-5.8.2.jar:/home/runner/.m2/repository/org/opentest4j/opentest4j/1.2.0/opentest4j-1.2.0.jar:/home/runner/.m2/repository/org/junit/platform/junit-platform-commons/1.8.2/junit-platform-commons-1.8.2.jar:/home/runner/.m2/repository/org/apiguardian/apiguardian-api/1.1.2/apiguardian-api-1.1.2.jar:/home/runner/.m2/repository/org/junit/jupiter/junit-jupiter-params/5.8.2/junit-jupiter-params-5.8.2.jar:/home/runner/.m2/repository/org/junit/jupiter/junit-jupiter-engine/5.8.2/junit-jupiter-engine-5.8.2.jar:/home/runner/.m2/repository/org/junit/platform/junit-platform-engine/1.8.2/junit-platform-engine-1.8.2.jar:/home/runner/.m2/repository/org/mockito/mockito-core/4.0.0/mockito-core-4.0.0.jar:/home/runner/.m2/repository/net/bytebuddy/byte-buddy/1.11.22/byte-buddy-1.11.22.jar:/home/runner/.m2/repository/net/bytebuddy/byte-buddy-agent/1.11.22/byte-buddy-agent-1.11.22.jar:/home/runner/.m2/repository/org/objenesis/objenesis/3.2/objenesis-3.2.jar:/home/runner/.m2/repository/org/mockito/mockito-junit-jupiter/4.0.0/mockito-junit-jupiter-4.0.0.jar:/home/runner/.m2/repository/org/skyscreamer/jsonassert/1.5.0/jsonassert-1.5.0.jar:/home/runner/.m2/repository/com/vaadin/external/google/android-json/0.0.20131108.vaadin1/android-json-0.0.20131108.vaadin1.jar:/home/runner/.m2/repository/org/springframework/spring-core/5.3.14/spring-core-5.3.14.jar:/home/runner/.m2/repository/org/springframework/spring-jcl/5.3.14/spring-jcl-5.3.14.jar:/home/runner/.m2/repository/org/springframework/spring-test/5.3.14/spring-test-5.3.14.jar:/home/runner/.m2/repository/org/xmlunit/xmlunit-core/2.8.4/xmlunit-core-2.8.4.jar:"/>
    <property name="java.vm.vendor" value="Azul Systems, Inc."/>
    <property name="sun.arch.data.model" value="64"/>
    <property name="java.vendor.url" value="http://www.azul.com/"/>
    <property name="user.timezone" value="Etc/UTC"/>
    <property name="java.vm.specification.version" value="11"/>
    <property name="os.name" value="Linux"/>
    <property name="sun.java.launcher" value="SUN_STANDARD"/>
    <property name="sun.boot.library.path" value="/opt/hostedtoolcache/jdk/11.0.15/x64/lib"/>
    <property name="sun.java.command" value="/home/runner/work/gridcapa-export/gridcapa-export/target/surefire/surefirebooter11074100713551373226.jar /home/runner/work/gridcapa-export/gridcapa-export/target/surefire 2022-04-28T13-42-26_567-jvmRun1 surefire3372060805653740734tmp surefire_04521753911406850326tmp"/>
    <property name="jdk.debug" value="release"/>
    <property name="surefire.test.class.path" value="/home/runner/work/gridcapa-export/gridcapa-export/target/test-classes:/home/runner/work/gridcapa-export/gridcapa-export/target/classes:/home/runner/.m2/repository/com/farao-community/farao/gridcapa-task-manager-api/1.0.0/gridcapa-task-manager-api-1.0.0.jar:/home/runner/.m2/repository/com/fasterxml/jackson/core/jackson-annotations/2.13.1/jackson-annotations-2.13.1.jar:/home/runner/.m2/repository/commons-net/commons-net/3.8.0/commons-net-3.8.0.jar:/home/runner/.m2/repository/org/springframework/boot/spring-boot-starter-web/2.6.2/spring-boot-starter-web-2.6.2.jar:/home/runner/.m2/repository/org/springframework/boot/spring-boot-starter/2.6.2/spring-boot-starter-2.6.2.jar:/home/runner/.m2/repository/org/springframework/boot/spring-boot/2.6.2/spring-boot-2.6.2.jar:/home/runner/.m2/repository/org/springframework/boot/spring-boot-autoconfigure/2.6.2/spring-boot-autoconfigure-2.6.2.jar:/home/runner/.m2/repository/org/springframework/boot/spring-boot-starter-logging/2.6.2/spring-boot-starter-logging-2.6.2.jar:/home/runner/.m2/repository/ch/qos/logback/logback-classic/1.2.9/logback-classic-1.2.9.jar:/home/runner/.m2/repository/ch/qos/logback/logback-core/1.2.9/logback-core-1.2.9.jar:/home/runner/.m2/repository/org/apache/logging/log4j/log4j-to-slf4j/2.17.0/log4j-to-slf4j-2.17.0.jar:/home/runner/.m2/repository/org/apache/logging/log4j/log4j-api/2.17.0/log4j-api-2.17.0.jar:/home/runner/.m2/repository/org/slf4j/jul-to-slf4j/1.7.32/jul-to-slf4j-1.7.32.jar:/home/runner/.m2/repository/jakarta/annotation/jakarta.annotation-api/1.3.5/jakarta.annotation-api-1.3.5.jar:/home/runner/.m2/repository/org/yaml/snakeyaml/1.29/snakeyaml-1.29.jar:/home/runner/.m2/repository/org/springframework/boot/spring-boot-starter-json/2.6.2/spring-boot-starter-json-2.6.2.jar:/home/runner/.m2/repository/com/fasterxml/jackson/core/jackson-databind/2.13.1/jackson-databind-2.13.1.jar:/home/runner/.m2/repository/com/fasterxml/jackson/core/jackson-core/2.13.1/jackson-core-2.13.1.jar:/home/runner/.m2/repository/com/fasterxml/jackson/datatype/jackson-datatype-jdk8/2.13.1/jackson-datatype-jdk8-2.13.1.jar:/home/runner/.m2/repository/com/fasterxml/jackson/datatype/jackson-datatype-jsr310/2.13.1/jackson-datatype-jsr310-2.13.1.jar:/home/runner/.m2/repository/com/fasterxml/jackson/module/jackson-module-parameter-names/2.13.1/jackson-module-parameter-names-2.13.1.jar:/home/runner/.m2/repository/org/springframework/boot/spring-boot-starter-tomcat/2.6.2/spring-boot-starter-tomcat-2.6.2.jar:/home/runner/.m2/repository/org/apache/tomcat/embed/tomcat-embed-core/9.0.56/tomcat-embed-core-9.0.56.jar:/home/runner/.m2/repository/org/apache/tomcat/embed/tomcat-embed-el/9.0.56/tomcat-embed-el-9.0.56.jar:/home/runner/.m2/repository/org/apache/tomcat/embed/tomcat-embed-websocket/9.0.56/tomcat-embed-websocket-9.0.56.jar:/home/runner/.m2/repository/org/springframework/spring-web/5.3.14/spring-web-5.3.14.jar:/home/runner/.m2/repository/org/springframework/spring-beans/5.3.14/spring-beans-5.3.14.jar:/home/runner/.m2/repository/org/springframework/spring-webmvc/5.3.14/spring-webmvc-5.3.14.jar:/home/runner/.m2/repository/org/springframework/spring-aop/5.3.14/spring-aop-5.3.14.jar:/home/runner/.m2/repository/org/springframework/spring-context/5.3.14/spring-context-5.3.14.jar:/home/runner/.m2/repository/org/springframework/spring-expression/5.3.14/spring-expression-5.3.14.jar:/home/runner/.m2/repository/org/springframework/boot/spring-boot-starter-actuator/2.6.2/spring-boot-starter-actuator-2.6.2.jar:/home/runner/.m2/repository/org/springframework/boot/spring-boot-actuator-autoconfigure/2.6.2/spring-boot-actuator-autoconfigure-2.6.2.jar:/home/runner/.m2/repository/org/springframework/boot/spring-boot-actuator/2.6.2/spring-boot-actuator-2.6.2.jar:/home/runner/.m2/repository/io/micrometer/micrometer-core/1.8.1/micrometer-core-1.8.1.jar:/home/runner/.m2/repository/org/hdrhistogram/HdrHistogram/2.1.12/HdrHistogram-2.1.12.jar:/home/runner/.m2/repository/org/latencyutils/LatencyUtils/2.0.3/LatencyUtils-2.0.3.jar:/home/runner/.m2/repository/org/springframework/cloud/spring-cloud-stream-binder-rabbit/3.2.1/spring-cloud-stream-binder-rabbit-3.2.1.jar:/home/runner/.m2/repository/org/springframework/cloud/spring-cloud-function-deployer/3.2.1/spring-cloud-function-deployer-3.2.1.jar:/home/runner/.m2/repository/org/springframework/boot/spring-boot-loader/2.6.2/spring-boot-loader-2.6.2.jar:/home/runner/.m2/repository/org/springframework/cloud/spring-cloud-function-context/3.2.1/spring-cloud-function-context-3.2.1.jar:/home/runner/.m2/repository/net/jodah/typetools/0.6.2/typetools-0.6.2.jar:/home/runner/.m2/repository/org/springframework/cloud/spring-cloud-function-core/3.2.1/spring-cloud-function-core-3.2.1.jar:/home/runner/.m2/repository/org/springframework/cloud/spring-cloud-deployer-resource-maven/2.5.1/spring-cloud-deployer-resource-maven-2.5.1.jar:/home/runner/.m2/repository/org/apache/maven/maven-model-builder/3.6.2/maven-model-builder-3.6.2.jar:/home/runner/.m2/repository/org/codehaus/plexus/plexus-utils/3.2.1/plexus-utils-3.2.1.jar:/home/runner/.m2/repository/org/codehaus/plexus/plexus-interpolation/1.25/plexus-interpolation-1.25.jar:/home/runner/.m2/repository/javax/inject/javax.inject/1/javax.inject-1.jar:/home/runner/.m2/repository/org/apache/maven/maven-model/3.6.2/maven-model-3.6.2.jar:/home/runner/.m2/repository/org/apache/maven/maven-artifact/3.6.2/maven-artifact-3.6.2.jar:/home/runner/.m2/repository/org/apache/commons/commons-lang3/3.12.0/commons-lang3-3.12.0.jar:/home/runner/.m2/repository/org/apache/maven/maven-builder-support/3.6.2/maven-builder-support-3.6.2.jar:/home/runner/.m2/repository/org/eclipse/sisu/org.eclipse.sisu.inject/0.3.3/org.eclipse.sisu.inject-0.3.3.jar:/home/runner/.m2/repository/org/apache/maven/maven-resolver-provider/3.6.2/maven-resolver-provider-3.6.2.jar:/home/runner/.m2/repository/org/apache/maven/maven-repository-metadata/3.6.2/maven-repository-metadata-3.6.2.jar:/home/runner/.m2/repository/org/apache/maven/resolver/maven-resolver-api/1.4.1/maven-resolver-api-1.4.1.jar:/home/runner/.m2/repository/org/apache/maven/resolver/maven-resolver-spi/1.4.1/maven-resolver-spi-1.4.1.jar:/home/runner/.m2/repository/org/apache/maven/resolver/maven-resolver-util/1.4.1/maven-resolver-util-1.4.1.jar:/home/runner/.m2/repository/org/apache/maven/resolver/maven-resolver-connector-basic/1.4.1/maven-resolver-connector-basic-1.4.1.jar:/home/runner/.m2/repository/org/apache/maven/resolver/maven-resolver-transport-file/1.4.1/maven-resolver-transport-file-1.4.1.jar:/home/runner/.m2/repository/org/apache/maven/resolver/maven-resolver-transport-http/1.4.1/maven-resolver-transport-http-1.4.1.jar:/home/runner/.m2/repository/org/slf4j/jcl-over-slf4j/1.7.32/jcl-over-slf4j-1.7.32.jar:/home/runner/.m2/repository/org/apache/maven/resolver/maven-resolver-transport-wagon/1.4.1/maven-resolver-transport-wagon-1.4.1.jar:/home/runner/.m2/repository/org/apache/maven/wagon/wagon-provider-api/3.0.0/wagon-provider-api-3.0.0.jar:/home/runner/.m2/repository/org/apache/maven/resolver/maven-resolver-impl/1.4.1/maven-resolver-impl-1.4.1.jar:/home/runner/.m2/repository/org/apache/maven/wagon/wagon-http/3.3.4/wagon-http-3.3.4.jar:/home/runner/.m2/repository/org/apache/maven/wagon/wagon-http-shared/3.3.4/wagon-http-shared-3.3.4.jar:/home/runner/.m2/repository/org/jsoup/jsoup/1.12.1/jsoup-1.12.1.jar:/home/runner/.m2/repository/commons-io/commons-io/2.6/commons-io-2.6.jar:/home/runner/.m2/repository/javax/annotation/javax.annotation-api/1.3.2/javax.annotation-api-1.3.2.jar:/home/runner/.m2/repository/org/springframework/cloud/spring-cloud-stream-binder-rabbit-core/3.2.1/spring-cloud-stream-binder-rabbit-core-3.2.1.jar:/home/runner/.m2/repository/org/springframework/integration/spring-integration-amqp/5.5.7/spring-integration-amqp-5.5.7.jar:/home/runner/.m2/repository/com/rabbitmq/http-client/2.1.0.RELEASE/http-client-2.1.0.RELEASE.jar:/home/runner/.m2/repository/org/springframework/cloud/spring-cloud-stream/3.2.1/spring-cloud-stream-3.2.1.jar:/home/runner/.m2/repository/org/springframework/boot/spring-boot-starter-validation/2.6.2/spring-boot-starter-validation-2.6.2.jar:/home/runner/.m2/repository/org/hibernate/validator/hibernate-validator/6.2.0.Final/hibernate-validator-6.2.0.Final.jar:/home/runner/.m2/repository/jakarta/validation/jakarta.validation-api/2.0.2/jakarta.validation-api-2.0.2.jar:/home/runner/.m2/repository/org/jboss/logging/jboss-logging/3.4.2.Final/jboss-logging-3.4.2.Final.jar:/home/runner/.m2/repository/com/fasterxml/classmate/1.5.1/classmate-1.5.1.jar:/home/runner/.m2/repository/org/springframework/spring-messaging/5.3.14/spring-messaging-5.3.14.jar:/home/runner/.m2/repository/org/springframework/integration/spring-integration-core/5.5.7/spring-integration-core-5.5.7.jar:/home/runner/.m2/repository/org/springframework/spring-tx/5.3.14/spring-tx-5.3.14.jar:/home/runner/.m2/repository/io/projectreactor/reactor-core/3.4.13/reactor-core-3.4.13.jar:/home/runner/.m2/repository/org/reactivestreams/reactive-streams/1.0.3/reactive-streams-1.0.3.jar:/home/runner/.m2/repository/org/springframework/retry/spring-retry/1.3.1/spring-retry-1.3.1.jar:/home/runner/.m2/repository/org/springframework/boot/spring-boot-starter-amqp/2.6.2/spring-boot-starter-amqp-2.6.2.jar:/home/runner/.m2/repository/org/springframework/amqp/spring-rabbit/2.4.1/spring-rabbit-2.4.1.jar:/home/runner/.m2/repository/org/springframework/amqp/spring-amqp/2.4.1/spring-amqp-2.4.1.jar:/home/runner/.m2/repository/com/rabbitmq/amqp-client/5.13.1/amqp-client-5.13.1.jar:/home/runner/.m2/repository/org/springframework/integration/spring-integration-jmx/5.5.7/spring-integration-jmx-5.5.7.jar:/home/runner/.m2/repository/org/apache/httpcomponents/httpclient/4.5.13/httpclient-4.5.13.jar:/home/runner/.m2/repository/org/apache/httpcomponents/httpcore/4.4.15/httpcore-4.4.15.jar:/home/runner/.m2/repository/commons-codec/commons-codec/1.15/commons-codec-1.15.jar:/home/runner/.m2/repository/org/mockftpserver/MockFtpServer/2.7.1/MockFtpServer-2.7.1.jar:/home/runner/.m2/repository/org/slf4j/slf4j-api/1.7.32/slf4j-api-1.7.32.jar:/home/runner/.m2/repository/org/springframework/boot/spring-boot-starter-test/2.6.2/spring-boot-starter-test-2.6.2.jar:/home/runner/.m2/repository/org/springframework/boot/spring-boot-test/2.6.2/spring-boot-test-2.6.2.jar:/home/runner/.m2/repository/org/springframework/boot/spring-boot-test-autoconfigure/2.6.2/spring-boot-test-autoconfigure-2.6.2.jar:/home/runner/.m2/repository/com/jayway/jsonpath/json-path/2.6.0/json-path-2.6.0.jar:/home/runner/.m2/repository/net/minidev/json-smart/2.4.7/json-smart-2.4.7.jar:/home/runner/.m2/repository/net/minidev/accessors-smart/2.4.7/accessors-smart-2.4.7.jar:/home/runner/.m2/repository/org/ow2/asm/asm/9.1/asm-9.1.jar:/home/runner/.m2/repository/jakarta/xml/bind/jakarta.xml.bind-api/2.3.3/jakarta.xml.bind-api-2.3.3.jar:/home/runner/.m2/repository/jakarta/activation/jakarta.activation-api/1.2.2/jakarta.activation-api-1.2.2.jar:/home/runner/.m2/repository/org/assertj/assertj-core/3.21.0/assertj-core-3.21.0.jar:/home/runner/.m2/repository/org/hamcrest/hamcrest/2.2/hamcrest-2.2.jar:/home/runner/.m2/repository/org/junit/jupiter/junit-jupiter/5.8.2/junit-jupiter-5.8.2.jar:/home/runner/.m2/repository/org/junit/jupiter/junit-jupiter-api/5.8.2/junit-jupiter-api-5.8.2.jar:/home/runner/.m2/repository/org/opentest4j/opentest4j/1.2.0/opentest4j-1.2.0.jar:/home/runner/.m2/repository/org/junit/platform/junit-platform-commons/1.8.2/junit-platform-commons-1.8.2.jar:/home/runner/.m2/repository/org/apiguardian/apiguardian-api/1.1.2/apiguardian-api-1.1.2.jar:/home/runner/.m2/repository/org/junit/jupiter/junit-jupiter-params/5.8.2/junit-jupiter-params-5.8.2.jar:/home/runner/.m2/repository/org/junit/jupiter/junit-jupiter-engine/5.8.2/junit-jupiter-engine-5.8.2.jar:/home/runner/.m2/repository/org/junit/platform/junit-platform-engine/1.8.2/junit-platform-engine-1.8.2.jar:/home/runner/.m2/repository/org/mockito/mockito-core/4.0.0/mockito-core-4.0.0.jar:/home/runner/.m2/repository/net/bytebuddy/byte-buddy/1.11.22/byte-buddy-1.11.22.jar:/home/runner/.m2/repository/net/bytebuddy/byte-buddy-agent/1.11.22/byte-buddy-agent-1.11.22.jar:/home/runner/.m2/repository/org/objenesis/objenesis/3.2/objenesis-3.2.jar:/home/runner/.m2/repository/org/mockito/mockito-junit-jupiter/4.0.0/mockito-junit-jupiter-4.0.0.jar:/home/runner/.m2/repository/org/skyscreamer/jsonassert/1.5.0/jsonassert-1.5.0.jar:/home/runner/.m2/repository/com/vaadin/external/google/android-json/0.0.20131108.vaadin1/android-json-0.0.20131108.vaadin1.jar:/home/runner/.m2/repository/org/springframework/spring-core/5.3.14/spring-core-5.3.14.jar:/home/runner/.m2/repository/org/springframework/spring-jcl/5.3.14/spring-jcl-5.3.14.jar:/home/runner/.m2/repository/org/springframework/spring-test/5.3.14/spring-test-5.3.14.jar:/home/runner/.m2/repository/org/xmlunit/xmlunit-core/2.8.4/xmlunit-core-2.8.4.jar:"/>
    <property name="sun.cpu.endian" value="little"/>
    <property name="user.home" value="/home/runner"/>
    <property name="user.language" value="en"/>
    <property name="java.specification.vendor" value="Oracle Corporation"/>
    <property name="java.version.date" value="2022-04-19"/>
    <property name="java.home" value="/opt/hostedtoolcache/jdk/11.0.15/x64"/>
    <property name="file.separator" value="/"/>
    <property name="basedir" value="/home/runner/work/gridcapa-export/gridcapa-export"/>
    <property name="java.vm.compressedOopsMode" value="32-bit"/>
    <property name="line.separator" value="&#10;"/>
    <property name="java.specification.name" value="Java Platform API Specification"/>
    <property name="java.vm.specification.vendor" value="Oracle Corporation"/>
    <property name="jdk.vendor.version" value="Zulu11.56+19-CA"/>
    <property name="FILE_LOG_CHARSET" value="UTF-8"/>
    <property name="java.awt.graphicsenv" value="sun.awt.X11GraphicsEnvironment"/>
    <property name="java.awt.headless" value="true"/>
    <property name="surefire.real.class.path" value="/home/runner/work/gridcapa-export/gridcapa-export/target/surefire/surefirebooter11074100713551373226.jar"/>
    <property name="sun.management.compiler" value="HotSpot 64-Bit Tiered Compilers"/>
    <property name="java.runtime.version" value="11.0.15+10-LTS"/>
    <property name="user.name" value="runner"/>
    <property name="path.separator" value=":"/>
    <property name="os.version" value="5.13.0-1022-azure"/>
    <property name="java.runtime.name" value="OpenJDK Runtime Environment"/>
    <property name="file.encoding" value="UTF-8"/>
    <property name="spring.beaninfo.ignore" value="true"/>
    <property name="java.vm.name" value="OpenJDK 64-Bit Server VM"/>
    <property name="java.vendor.version" value="Zulu11.56+19-CA"/>
    <property name="localRepository" value="/home/runner/.m2/repository"/>
    <property name="java.vendor.url.bug" value="http://www.azul.com/support/"/>
    <property name="java.io.tmpdir" value="/tmp"/>
    <property name="java.version" value="11.0.15"/>
    <property name="user.dir" value="/home/runner/work/gridcapa-export/gridcapa-export"/>
    <property name="os.arch" value="amd64"/>
    <property name="java.vm.specification.name" value="Java Virtual Machine Specification"/>
    <property name="PID" value="5274"/>
    <property name="java.awt.printerjob" value="sun.print.PSPrinterJob"/>
    <property name="sun.os.patch.level" value="unknown"/>
    <property name="CONSOLE_LOG_CHARSET" value="UTF-8"/>
    <property name="java.library.path" value="/usr/java/packages/lib:/usr/lib64:/lib64:/lib:/usr/lib"/>
    <property name="java.vm.info" value="mixed mode"/>
    <property name="java.vendor" value="Azul Systems, Inc."/>
    <property name="java.vm.version" value="11.0.15+10-LTS"/>
    <property name="sun.io.unicode.encoding" value="UnicodeLittle"/>
    <property name="java.class.version" value="55.0"/>
  </properties>
  <testcase name="checkFileNameRetrievedCorrectlyFromHeader" classname="com.farao_community.farao.gridcapa.export.GridcapaExportServiceTest" time="0.048">
    <system-out><![CDATA[2022-04-28 13:42:37.947  INFO 5274 --- [           main] .b.t.c.SpringBootTestContextBootstrapper : Neither @ContextConfiguration nor @ContextHierarchy found for test class [com.farao_community.farao.gridcapa.export.GridcapaExportServiceTest], using SpringBootContextLoader
2022-04-28 13:42:37.952  INFO 5274 --- [           main] o.s.t.c.support.AbstractContextLoader    : Could not detect default resource locations for test class [com.farao_community.farao.gridcapa.export.GridcapaExportServiceTest]: no resource found for suffixes {-context.xml, Context.groovy}.
2022-04-28 13:42:37.954  INFO 5274 --- [           main] t.c.s.AnnotationConfigContextLoaderUtils : Could not detect default configuration classes for test class [com.farao_community.farao.gridcapa.export.GridcapaExportServiceTest]: GridcapaExportServiceTest does not declare any static, non-private, non-final, nested classes annotated with @Configuration.
2022-04-28 13:42:37.965  INFO 5274 --- [           main] .b.t.c.SpringBootTestContextBootstrapper : Found @SpringBootConfiguration com.farao_community.farao.gridcapa.export.GridcapaExportApplication for test class com.farao_community.farao.gridcapa.export.GridcapaExportServiceTest
2022-04-28 13:42:37.969  INFO 5274 --- [           main] .b.t.c.SpringBootTestContextBootstrapper : Loaded default TestExecutionListener class names from location [META-INF/spring.factories]: [org.springframework.boot.test.mock.mockito.MockitoTestExecutionListener, org.springframework.boot.test.mock.mockito.ResetMocksTestExecutionListener, org.springframework.boot.test.autoconfigure.restdocs.RestDocsTestExecutionListener, org.springframework.boot.test.autoconfigure.web.client.MockRestServiceServerResetTestExecutionListener, org.springframework.boot.test.autoconfigure.web.servlet.MockMvcPrintOnlyOnFailureTestExecutionListener, org.springframework.boot.test.autoconfigure.web.servlet.WebDriverTestExecutionListener, org.springframework.boot.test.autoconfigure.webservices.client.MockWebServiceServerTestExecutionListener, org.springframework.test.context.web.ServletTestExecutionListener, org.springframework.test.context.support.DirtiesContextBeforeModesTestExecutionListener, org.springframework.test.context.event.ApplicationEventsTestExecutionListener, org.springframework.test.context.support.DependencyInjectionTestExecutionListener, org.springframework.test.context.support.DirtiesContextTestExecutionListener, org.springframework.test.context.transaction.TransactionalTestExecutionListener, org.springframework.test.context.jdbc.SqlScriptsTestExecutionListener, org.springframework.test.context.event.EventPublishingTestExecutionListener]
2022-04-28 13:42:37.970  INFO 5274 --- [           main] .b.t.c.SpringBootTestContextBootstrapper : Using TestExecutionListeners: [org.springframework.test.context.web.ServletTestExecutionListener@763e50f3, org.springframework.test.context.support.DirtiesContextBeforeModesTestExecutionListener@4954fc31, org.springframework.test.context.event.ApplicationEventsTestExecutionListener@769a7e17, org.springframework.boot.test.mock.mockito.MockitoTestExecutionListener@3905ec57, org.springframework.boot.test.autoconfigure.SpringBootDependencyInjectionTestExecutionListener@3d389a4c, org.springframework.test.context.support.DirtiesContextTestExecutionListener@53e34cae, org.springframework.test.context.transaction.TransactionalTestExecutionListener@76acfa03, org.springframework.test.context.jdbc.SqlScriptsTestExecutionListener@60ddd7d5, org.springframework.test.context.event.EventPublishingTestExecutionListener@194edb78, org.springframework.boot.test.mock.mockito.ResetMocksTestExecutionListener@500172c3, org.springframework.boot.test.autoconfigure.restdocs.RestDocsTestExecutionListener@41ece622, org.springframework.boot.test.autoconfigure.web.client.MockRestServiceServerResetTestExecutionListener@4f81e2b5, org.springframework.boot.test.autoconfigure.web.servlet.MockMvcPrintOnlyOnFailureTestExecutionListener@20fb7526, org.springframework.boot.test.autoconfigure.web.servlet.WebDriverTestExecutionListener@7b378c90, org.springframework.boot.test.autoconfigure.webservices.client.MockWebServiceServerTestExecutionListener@5d4ca822]

  .   ____          _            __ _ _
 /\\ / ___'_ __ _ _(_)_ __  __ _ \ \ \ \
( ( )\___ | '_ | '_| | '_ \/ _` | \ \ \ \
 \\/  ___)| |_)| | | | | || (_| |  ) ) ) )
  '  |____| .__|_| |_|_| |_\__, | / / / /
 =========|_|==============|___/=/_/_/_/
 :: Spring Boot ::                (v2.6.2)

2022-04-28 13:42:38.037  INFO 5274 --- [           main] c.f.f.g.e.GridcapaExportServiceTest      : Starting GridcapaExportServiceTest using Java 11.0.15 on fv-az167-553 with PID 5274 (started by runner in /home/runner/work/gridcapa-export/gridcapa-export)
2022-04-28 13:42:38.037  INFO 5274 --- [           main] c.f.f.g.e.GridcapaExportServiceTest      : No active profile set, falling back to default profiles: default
2022-04-28 13:42:38.400  INFO 5274 --- [           main] faultConfiguringBeanFactoryPostProcessor : No bean named 'errorChannel' has been explicitly defined. Therefore, a default PublishSubscribeChannel will be created.
2022-04-28 13:42:38.400  INFO 5274 --- [           main] faultConfiguringBeanFactoryPostProcessor : No bean named 'integrationHeaderChannelRegistry' has been explicitly defined. Therefore, a default DefaultHeaderChannelRegistry will be created.
2022-04-28 13:42:39.057  INFO 5274 --- [           main] trationDelegate$BeanPostProcessorChecker : Bean 'org.springframework.cloud.stream.config.BindersHealthIndicatorAutoConfiguration' of type [org.springframework.cloud.stream.config.BindersHealthIndicatorAutoConfiguration] is not eligible for getting processed by all BeanPostProcessors (for example: not eligible for auto-proxying)
2022-04-28 13:42:39.084  INFO 5274 --- [           main] trationDelegate$BeanPostProcessorChecker : Bean 'bindersHealthContributor' of type [org.springframework.cloud.stream.config.BindersHealthIndicatorAutoConfiguration$BindersHealthContributor] is not eligible for getting processed by all BeanPostProcessors (for example: not eligible for auto-proxying)
2022-04-28 13:42:39.086  INFO 5274 --- [           main] trationDelegate$BeanPostProcessorChecker : Bean 'bindersHealthIndicatorListener' of type [org.springframework.cloud.stream.config.BindersHealthIndicatorAutoConfiguration$BindersHealthIndicatorListener] is not eligible for getting processed by all BeanPostProcessors (for example: not eligible for auto-proxying)
2022-04-28 13:42:39.092  INFO 5274 --- [           main] trationDelegate$BeanPostProcessorChecker : Bean 'org.springframework.integration.config.IntegrationManagementConfiguration' of type [org.springframework.integration.config.IntegrationManagementConfiguration] is not eligible for getting processed by all BeanPostProcessors (for example: not eligible for auto-proxying)
2022-04-28 13:42:39.097  INFO 5274 --- [           main] trationDelegate$BeanPostProcessorChecker : Bean 'integrationChannelResolver' of type [org.springframework.integration.support.channel.BeanFactoryChannelResolver] is not eligible for getting processed by all BeanPostProcessors (for example: not eligible for auto-proxying)
2022-04-28 13:42:39.646  INFO 5274 --- [           main] o.s.c.s.m.DirectWithAttributesChannel    : Channel 'application.consumeTaskDtoUpdate-in-0' has 1 subscriber(s).
2022-04-28 13:42:39.747  INFO 5274 --- [           main] o.s.b.a.e.web.EndpointLinksResolver      : Exposing 1 endpoint(s) beneath base path '/actuator'
2022-04-28 13:42:39.895  INFO 5274 --- [           main] o.s.i.endpoint.EventDrivenConsumer       : Adding {logging-channel-adapter:_org.springframework.integration.errorLogger} as a subscriber to the 'errorChannel' channel
2022-04-28 13:42:39.896  INFO 5274 --- [           main] o.s.i.channel.PublishSubscribeChannel    : Channel 'application.errorChannel' has 1 subscriber(s).
2022-04-28 13:42:39.896  INFO 5274 --- [           main] o.s.i.endpoint.EventDrivenConsumer       : started bean '_org.springframework.integration.errorLogger'
2022-04-28 13:42:39.897  INFO 5274 --- [           main] o.s.c.s.binder.DefaultBinderFactory      : Creating binder: rabbit
2022-04-28 13:42:39.936  INFO 5274 --- [           main] o.s.c.s.binder.DefaultBinderFactory      : Caching the binder: rabbit
2022-04-28 13:42:39.936  INFO 5274 --- [           main] o.s.c.s.binder.DefaultBinderFactory      : Retrieving cached binder: rabbit
2022-04-28 13:42:40.064  INFO 5274 --- [           main] c.s.b.r.p.RabbitExchangeQueueProvisioner : declaring queue for inbound: cse-idcc-task-updated.cse-idcc-outputs, bound to: cse-idcc-task-updated
2022-04-28 13:42:40.064  INFO 5274 --- [           main] o.s.a.r.c.CachingConnectionFactory       : Attempting to connect to: [rabbitmq:5672]
2022-04-28 13:42:40.064  INFO 5274 --- [           main] o.s.a.r.c.CachingConnectionFactory       : Attempting to connect to: [rabbitmq:5672]
2022-04-28 13:42:40.065  INFO 5274 --- [           main] o.s.a.r.c.CachingConnectionFactory       : Attempting to connect to: [rabbitmq:5672]
2022-04-28 13:42:40.065  INFO 5274 --- [           main] o.s.a.r.c.CachingConnectionFactory       : Attempting to connect to: [rabbitmq:5672]
2022-04-28 13:42:40.065  INFO 5274 --- [           main] o.s.a.r.c.CachingConnectionFactory       : Attempting to connect to: [rabbitmq:5672]
2022-04-28 13:42:40.065  INFO 5274 --- [           main] o.s.a.r.c.CachingConnectionFactory       : Attempting to connect to: [rabbitmq:5672]
2022-04-28 13:42:40.065  INFO 5274 --- [           main] o.s.a.r.c.CachingConnectionFactory       : Attempting to connect to: [rabbitmq:5672]
2022-04-28 13:42:40.066  INFO 5274 --- [           main] o.s.c.stream.binder.BinderErrorChannel   : Channel 'cse-idcc-task-updated.cse-idcc-outputs.errors' has 1 subscriber(s).
2022-04-28 13:42:40.066  INFO 5274 --- [           main] o.s.c.stream.binder.BinderErrorChannel   : Channel 'cse-idcc-task-updated.cse-idcc-outputs.errors' has 2 subscriber(s).
2022-04-28 13:42:40.066  INFO 5274 --- [           main] o.s.a.r.c.CachingConnectionFactory       : Attempting to connect to: [rabbitmq:5672]
2022-04-28 13:42:40.066  INFO 5274 --- [           main] o.s.a.r.l.SimpleMessageListenerContainer : Broker not available; cannot force queue declarations during start: java.net.UnknownHostException: rabbitmq
2022-04-28 13:42:40.067  INFO 5274 --- [-idcc-outputs-1] o.s.a.r.c.CachingConnectionFactory       : Attempting to connect to: [rabbitmq:5672]
2022-04-28 13:42:40.068  INFO 5274 --- [           main] o.s.i.a.i.AmqpInboundChannelAdapter      : started bean 'inbound.cse-idcc-task-updated.cse-idcc-outputs'
2022-04-28 13:42:40.076  INFO 5274 --- [           main] c.f.f.g.e.GridcapaExportServiceTest      : Started GridcapaExportServiceTest in 2.096 seconds (JVM running for 12.981)
]]></system-out>
  </testcase>
  <testcase name="checkTaskManagerCall" classname="com.farao_community.farao.gridcapa.export.GridcapaExportServiceTest" time="0.078">
    <system-out><![CDATA[2022-04-28 13:42:40.175  INFO 5274 --- [           main] c.f.f.g.export.GridcapaExportService     : task success event received: task id: 1fdda469-53e9-4d63-a533-b935cffdd2f6 , timestamp: 2022-04-27T10:10Z
]]></system-out>
  </testcase>
</testsuite>